<?xml version="1.0" encoding="UTF-8"?>
<coverage generated="1592091709798" clover="3.2.0">
  <project timestamp="1592091709798" name="All files">
    <metrics statements="13" coveredstatements="13" conditionals="7" coveredconditionals="6" methods="6" coveredmethods="6" elements="26" coveredelements="25" complexity="0" loc="13" ncloc="13" packages="3" files="5" classes="5"/>
    <package name="components">
      <metrics statements="2" coveredstatements="2" conditionals="0" coveredconditionals="0" methods="2" coveredmethods="2"/>
      <file name="Button.js" path="/home/lupeluches94/arch/src/components/Button.js">
        <metrics statements="1" coveredstatements="1" conditionals="0" coveredconditionals="0" methods="1" coveredmethods="1"/>
        <line num="3" count="1" type="stmt"/>
      </file>
      <file name="SignInButton.js" path="/home/lupeluches94/arch/src/components/SignInButton.js">
        <metrics statements="1" coveredstatements="1" conditionals="0" coveredconditionals="0" methods="1" coveredmethods="1"/>
        <line num="3" count="1" type="stmt"/>
      </file>
    </package>
    <package name="lib">
      <metrics statements="10" coveredstatements="10" conditionals="7" coveredconditionals="6" methods="3" coveredmethods="3"/>
      <file name="createElement.js" path="/home/lupeluches94/arch/src/lib/createElement.js">
        <metrics statements="6" coveredstatements="6" conditionals="5" coveredconditionals="4" methods="2" coveredmethods="2"/>
        <line num="4" count="2" type="stmt"/>
        <line num="5" count="2" type="stmt"/>
        <line num="10" count="2" type="cond" truecount="4" falsecount="0"/>
        <line num="11" count="1" type="stmt"/>
        <line num="12" count="1" type="stmt"/>
        <line num="16" count="2" type="stmt"/>
      </file>
      <file name="render.js" path="/home/lupeluches94/arch/src/lib/render.js">
        <metrics statements="4" coveredstatements="4" conditionals="2" coveredconditionals="2" methods="1" coveredmethods="1"/>
        <line num="2" count="4" type="stmt"/>
        <line num="3" count="4" type="cond" truecount="2" falsecount="0"/>
        <line num="4" count="3" type="stmt"/>
        <line num="5" count="3" type="stmt"/>
      </file>
    </package>
    <package name="pages">
      <metrics statements="1" coveredstatements="1" conditionals="0" coveredconditionals="0" methods="1" coveredmethods="1"/>
      <file name="SignIn.js" path="/home/lupeluches94/arch/src/pages/SignIn.js">
        <metrics statements="1" coveredstatements="1" conditionals="0" coveredconditionals="0" methods="1" coveredmethods="1"/>
        <line num="4" count="1" type="stmt"/>
      </file>
    </package>
  </project>
</coverage>
